<?xml version="1.0" encoding="UTF-8"?>
<!-- Generated by org.testng.reporters.JUnitXMLReporter -->
<testsuite ignored="0" hostname="UGKP" failures="0" tests="1" name="Test" time="0.22" errors="0" timestamp="2022-08-11T17:36:08 IST">
  <testcase classname="TestCases.BaseClass" name="@BeforeTest setup" time="0.087">
    <failure type="java.lang.IllegalStateException" message="The driver executable must exist: C:\Users\Admin\eclipse-workspace\ecomerseProject\drivers\chromedriver.exe">
      <![CDATA[java.lang.IllegalStateException: The driver executable must exist: C:\Users\Admin\eclipse-workspace\ecomerseProject\drivers\chromedriver.exe
at org.openqa.selenium.internal.Require$FileStateChecker.isFile(Require.java:342)
at org.openqa.selenium.remote.service.DriverService.checkExecutable(DriverService.java:147)
at org.openqa.selenium.remote.service.DriverService.findExecutable(DriverService.java:142)
at org.openqa.selenium.chrome.ChromeDriverService.access$000(ChromeDriverService.java:39)
at org.openqa.selenium.chrome.ChromeDriverService$Builder.findDefaultExecutable(ChromeDriverService.java:233)
at org.openqa.selenium.remote.service.DriverService$Builder.build(DriverService.java:437)
at org.openqa.selenium.chrome.ChromeDriverService.createDefaultService(ChromeDriverService.java:128)
at org.openqa.selenium.chrome.ChromeDriver.<init>(ChromeDriver.java:49)
at TestCases.BaseClass.setup(BaseClass.java:57)
... Removed 22 stack frames]]>
    </failure>
  </testcase> <!-- @BeforeTest setup -->
  <testcase classname="TestCases.BaseClass" name="@AfterClass end" time="0.0">
    <skipped/>
  </testcase> <!-- @AfterClass end -->
  <testcase classname="TestCases.loginVerify" name="loginTest" time="0.0">
    <skipped/>
  </testcase> <!-- loginTest -->
</testsuite> <!-- Test -->
